<?xml version="1.0" encoding="UTF-8"?>
<!-- Generated by org.testng.reporters.JUnitReportReporter -->
<testsuite skipped="0" hostname="DESKTOP-J3P0HRF" name="test.TestNG_Demo2" tests="1" failures="0" timestamp="2020-04-07T12:21:15 PDT" time="1.384" errors="0">
  <testcase name="googleSearch2" time="1.384" classname="test.TestNG_Demo2"/>
  <system-out/>
</testsuite> <!-- test.TestNG_Demo2 -->
