<?xml version="1.0" encoding="UTF-8"?>
<!-- Generated by org.testng.reporters.JUnitReportReporter -->
<testsuite hostname="DESKTOP-J3P0HRF" failures="0" tests="2" name="test.ExtendReportsDemoWithTestNG" time="1.343" errors="0" timestamp="2020-04-06T22:18:07 PDT" skipped="0">
  <testcase classname="test.ExtendReportsDemoWithTestNG" name="test1" time="1.341"/>
  <system-out/>
  <testcase classname="test.ExtendReportsDemoWithTestNG" name="test2" time="0.002"/>
  <system-out/>
</testsuite> <!-- test.ExtendReportsDemoWithTestNG -->
