<?xml version="1.0" encoding="UTF-8"?>
<!-- Generated by org.testng.reporters.JUnitReportReporter -->
<testsuite skipped="0" hostname="DESKTOP-J3P0HRF" name="demo.TestNGParametersDemo" tests="1" failures="0" timestamp="2020-04-08T14:38:49 PDT" time="0.008" errors="0">
  <testcase name="test" time="0.008" classname="demo.TestNGParametersDemo"/>
  <system-out/>
</testsuite> <!-- demo.TestNGParametersDemo -->
