<?xml version="1.0" encoding="UTF-8"?>
<!-- Generated by org.testng.reporters.JUnitReportReporter -->
<testsuite skipped="1" hostname="DESKTOP-J3P0HRF" name="demo.TestNGIgnoreDemo" tests="2" failures="0" timestamp="2020-04-08T16:56:22 PDT" time="0.011" errors="0">
  <testcase name="test2" time="0.011" classname="demo.TestNGIgnoreDemo"/>
  <system-out/>
  <testcase name="test1" classname="demo.TestNGIgnoreDemo">
    <skipped/>
  </testcase> <!-- test1 -->
  <system-out/>
</testsuite> <!-- demo.TestNGIgnoreDemo -->
