<?xml version="1.0" encoding="UTF-8"?>
<!-- Generated by org.testng.reporters.JUnitReportReporter -->
<testsuite hostname="DESKTOP-J3P0HRF" failures="0" tests="1" name="test.TestNG_Demo" time="1.613" errors="0" timestamp="2020-04-06T14:37:57 PDT" skipped="0">
  <testcase classname="test.TestNG_Demo" name="googleSearch" time="1.613"/>
  <system-out/>
</testsuite> <!-- test.TestNG_Demo -->
