<?xml version="1.0" encoding="UTF-8"?>
<!-- Generated by org.testng.reporters.JUnitReportReporter -->
<testsuite skipped="0" hostname="DESKTOP-J3P0HRF" name="demo.Test1" tests="1" failures="0" timestamp="2020-04-08T18:11:56 PDT" time="5.468" errors="0">
  <testcase name="test1" time="5.468" classname="demo.Test1"/>
  <system-out/>
</testsuite> <!-- demo.Test1 -->
