<?xml version="1.0" encoding="UTF-8"?>
<!-- Generated by org.testng.reporters.JUnitReportReporter -->
<testsuite skipped="0" hostname="DESKTOP-J3P0HRF" name="demo.TestNGGroupsDemo" tests="4" failures="0" timestamp="2020-04-08T15:46:24 PDT" time="0.013" errors="0">
  <testcase name="test1" time="0.010" classname="demo.TestNGGroupsDemo"/>
  <system-out/>
  <testcase name="test4" time="0.001" classname="demo.TestNGGroupsDemo"/>
  <system-out/>
  <testcase name="test2" time="0.001" classname="demo.TestNGGroupsDemo"/>
  <system-out/>
  <testcase name="test3" time="0.001" classname="demo.TestNGGroupsDemo"/>
  <system-out/>
</testsuite> <!-- demo.TestNGGroupsDemo -->
