<?xml version="1.0" encoding="UTF-8"?>
<!-- Generated by org.testng.reporters.JUnitReportReporter -->
<testsuite skipped="0" hostname="DESKTOP-J3P0HRF" name="demo.TestNGPriorityDemo" tests="3" failures="0" timestamp="2020-04-07T15:07:04 PDT" time="0.012" errors="0">
  <testcase name="three" time="0.010" classname="demo.TestNGPriorityDemo"/>
  <system-out/>
  <testcase name="one" time="0.001" classname="demo.TestNGPriorityDemo"/>
  <system-out/>
  <testcase name="two" time="0.001" classname="demo.TestNGPriorityDemo"/>
  <system-out/>
</testsuite> <!-- demo.TestNGPriorityDemo -->
